<?xml version="1.0" encoding="UTF-8"?>
<!-- Generated by org.testng.reporters.JUnitXMLReporter -->
<testsuite ignored="0" hostname="DESKTOP-5EVK54D" failures="0" tests="4" name="Module name" time="0.19" errors="0" timestamp="2022-08-01T09:22:16 IST">
  <testcase classname="testngdiscussion.Annotations" name="searchLaptop" time="0.009"/>
  <testcase classname="testngdiscussion.Annotations" name="searchMobile" time="0.012"/>
  <testcase classname="testngdiscussion.Annotations2" name="buyHeadPhones" time="0.005"/>
  <testcase classname="testngdiscussion.Annotations2" name="buyMouse" time="0.002"/>
</testsuite> <!-- Module name -->
