<?xml version="1.0" encoding="UTF-8"?>
<!-- Generated by org.testng.reporters.JUnitXMLReporter -->
<testsuite ignored="0" hostname="DESKTOP-5EVK54D" failures="0" tests="4" name="Admin" time="0.189" errors="0" timestamp="2022-07-26T09:55:35 IST">
  <testcase classname="testngdiscussion.LoginTest" name="getAppUrl" time="0.018"/>
  <testcase classname="testngdiscussion.LoginTest" name="loginToApp" time="0.003"/>
  <testcase classname="testngdiscussion.DashBoard" name="handlingCheckbox" time="0.006"/>
  <testcase classname="testngdiscussion.DashBoard" name="navToCheckBoxes" time="0.021"/>
</testsuite> <!-- Admin -->
