<?xml version="1.0" encoding="UTF-8"?>
<!-- Generated by org.testng.reporters.JUnitXMLReporter -->
<testsuite ignored="0" hostname="DESKTOP-5EVK54D" failures="0" tests="26" name="Default test" time="2.744" errors="0" timestamp="2022-08-24T09:37:51 IST">
  <testcase classname="testngdiscussion.DPTest" name="testCase" time="0.012"/>
  <testcase classname="testngdiscussion.DPTest" name="testCase" time="0.004"/>
  <testcase classname="testngdiscussion.DPTest" name="testCase" time="0.009"/>
  <testcase classname="testngdiscussion.DPTest" name="testCase" time="0.018"/>
  <testcase classname="testngdiscussion.DPTest" name="testCase" time="0.006"/>
  <testcase classname="testngdiscussion.DPTest" name="testCase" time="0.01"/>
  <testcase classname="testngdiscussion.DPTest" name="testCase" time="0.007"/>
  <testcase classname="testngdiscussion.DPTest" name="testCase" time="0.004"/>
  <testcase classname="testngdiscussion.DPTest" name="testCase" time="0.007"/>
  <testcase classname="testngdiscussion.DPTest" name="testCase" time="0.005"/>
  <testcase classname="testngdiscussion.DPTest" name="testCase" time="0.004"/>
  <testcase classname="testngdiscussion.DPTest" name="testCase" time="0.019"/>
  <testcase classname="testngdiscussion.DPTest" name="testCase" time="0.003"/>
  <testcase classname="testngdiscussion.DPTest" name="testCase" time="0.005"/>
  <testcase classname="testngdiscussion.DPTest" name="testCase" time="0.004"/>
  <testcase classname="testngdiscussion.DPTest" name="testCase" time="0.005"/>
  <testcase classname="testngdiscussion.DPTest" name="testCase" time="0.005"/>
  <testcase classname="testngdiscussion.DPTest" name="testCase" time="0.001"/>
  <testcase classname="testngdiscussion.DPTest" name="testCase" time="0.001"/>
  <testcase classname="testngdiscussion.DPTest" name="testCase" time="0.006"/>
  <testcase classname="testngdiscussion.DPTest" name="testCase" time="0.004"/>
  <testcase classname="testngdiscussion.DPTest" name="testCase" time="0.018"/>
  <testcase classname="testngdiscussion.DPTest" name="testCase" time="0.002"/>
  <testcase classname="testngdiscussion.DPTest" name="testCase" time="0.007"/>
  <testcase classname="testngdiscussion.DPTest" name="testCase" time="0.003"/>
  <testcase classname="testngdiscussion.DPTest" name="testCase" time="0.006"/>
</testsuite> <!-- Default test -->
