<?xml version="1.0" encoding="UTF-8"?>
<!-- Generated by org.testng.reporters.JUnitXMLReporter -->
<testsuite ignored="0" hostname="DESKTOP-5EVK54D" failures="1" tests="6" name="Test" time="0.177" errors="0" timestamp="2022-07-28T09:54:32 IST">
  <testcase classname="testngdiscussion.DependsOnMethods" name="getTitleOfPage" time="0.017"/>
  <testcase classname="testngdiscussion.DependsOnMethods" name="loginToApp" time="0.004">
    <failure type="java.util.NoSuchElementException">
      <![CDATA[java.util.NoSuchElementException
at testngdiscussion.DependsOnMethods.loginToApp(DependsOnMethods.java:22)
at java.base/java.util.ArrayList.forEach(ArrayList.java:1511)
... Removed 27 stack frames]]>
    </failure>
  </testcase> <!-- loginToApp -->
  <testcase classname="testngdiscussion.DependsOnMethods" name="navToAdminTab" time="0.0">
    <skipped/>
  </testcase> <!-- navToAdminTab -->
  <testcase classname="testngdiscussion.DependsOnMethods" name="handlingCheckBox" time="0.0">
    <skipped/>
  </testcase> <!-- handlingCheckBox -->
  <testcase classname="testngdiscussion.DependsOnMethods2" name="editProfile" time="0.0">
    <skipped/>
  </testcase> <!-- editProfile -->
  <testcase classname="testngdiscussion.DependsOnMethods2" name="viewProfile" time="0.004"/>
</testsuite> <!-- Test -->
