<?xml version="1.0" encoding="UTF-8"?>
<!-- Generated by org.testng.reporters.JUnitXMLReporter -->
<testsuite ignored="1" hostname="DESKTOP-5EVK54D" failures="0" tests="6" name="Test" time="0.132" errors="0" timestamp="2022-07-30T08:57:02 IST">
  <testcase classname="testngdiscussion.GroupingOfTestCases" name="getTitleOfPage" time="0.015"/>
  <testcase classname="testngdiscussion.GroupingOfTestCases" name="handlingCheckBox" time="0.003"/>
  <testcase classname="testngdiscussion.GroupingOfTestCases" name="loginToApp" time="0.002"/>
  <testcase classname="testngdiscussion.GroupingOfTestCases" name="navToAdminTab" time="0.003"/>
  <testcase classname="testngdiscussion.GroupingOfTestCases" name="testcase2" time="0.001"/>
  <testcase classname="testngdiscussion.GroupingOfTestCases2" name="logout" time="0.003"/>
  <testcase classname="testngdiscussion.GroupingOfTestCases2" name="viewProfile" time="0.0">
    <ignored/>
  </testcase> <!-- viewProfile -->
</testsuite> <!-- Test -->
