<?xml version="1.0" encoding="UTF-8"?>
<!-- Generated by org.testng.reporters.JUnitXMLReporter -->
<testsuite ignored="3" hostname="DESKTOP-5EVK54D" failures="1" tests="1" name="Default test(failed)(failed)" time="0.124" errors="0" timestamp="2022-07-30T09:12:58 IST">
  <testcase classname="testngdiscussion.ExecutingFailedTestCases" name="loginToApp" time="0.022">
    <failure type="java.util.NoSuchElementException">
      <![CDATA[java.util.NoSuchElementException
at testngdiscussion.ExecutingFailedTestCases.loginToApp(ExecutingFailedTestCases.java:21)
at java.base/java.util.ArrayList.forEach(ArrayList.java:1511)
... Removed 27 stack frames]]>
    </failure>
  </testcase> <!-- loginToApp -->
  <testcase classname="testngdiscussion.ExecutingFailedTestCases" name="navToAdminTab" time="0.0">
    <ignored/>
  </testcase> <!-- navToAdminTab -->
  <testcase classname="testngdiscussion.ExecutingFailedTestCases" name="getTitleOfPage" time="0.0">
    <ignored/>
  </testcase> <!-- getTitleOfPage -->
  <testcase classname="testngdiscussion.ExecutingFailedTestCases" name="handlingCheckBox" time="0.0">
    <ignored/>
  </testcase> <!-- handlingCheckBox -->
</testsuite> <!-- Default test(failed)(failed) -->
