<?xml version="1.0" encoding="UTF-8"?>
<testng-results ignored="0" total="1" passed="1" failed="0" skipped="0">
  <reporter-output>
  </reporter-output>
  <suite started-at="2022-08-01T09:55:15 IST" name="Default suite" finished-at="2022-08-01T09:55:15 IST" duration-ms="137">
    <groups>
    </groups>
    <test started-at="2022-08-01T09:55:15 IST" name="Default test" finished-at="2022-08-01T09:55:15 IST" duration-ms="137">
      <class name="testngdiscussion.ActualAnnotations">
        <test-method is-config="true" signature="openBrowser()[pri:0, instance:testngdiscussion.ActualAnnotations@2e3967ea]" started-at="2022-08-01T09:55:14 IST" name="openBrowser" finished-at="2022-08-01T09:55:14 IST" duration-ms="24" status="PASS">
          <reporter-output>
          </reporter-output>
        </test-method> <!-- openBrowser -->
        <test-method is-config="true" signature="navToElectronics()[pri:0, instance:testngdiscussion.ActualAnnotations@2e3967ea]" started-at="2022-08-01T09:55:15 IST" name="navToElectronics" finished-at="2022-08-01T09:55:15 IST" duration-ms="1" status="PASS">
          <reporter-output>
          </reporter-output>
        </test-method> <!-- navToElectronics -->
        <test-method is-config="true" signature="goToMobileSection()[pri:0, instance:testngdiscussion.ActualAnnotations@2e3967ea]" started-at="2022-08-01T09:55:15 IST" name="goToMobileSection" finished-at="2022-08-01T09:55:15 IST" duration-ms="0" status="PASS">
          <reporter-output>
          </reporter-output>
        </test-method> <!-- goToMobileSection -->
        <test-method is-config="true" signature="searchMobile()[pri:0, instance:testngdiscussion.ActualAnnotations@2e3967ea]" started-at="2022-08-01T09:55:15 IST" name="searchMobile" finished-at="2022-08-01T09:55:15 IST" duration-ms="0" status="PASS">
          <reporter-output>
          </reporter-output>
        </test-method> <!-- searchMobile -->
        <test-method signature="buyMobile()[pri:0, instance:testngdiscussion.ActualAnnotations@2e3967ea]" started-at="2022-08-01T09:55:15 IST" name="buyMobile" finished-at="2022-08-01T09:55:15 IST" duration-ms="11" status="PASS">
          <reporter-output>
          </reporter-output>
        </test-method> <!-- buyMobile -->
        <test-method is-config="true" signature="navBackToSearchPage()[pri:0, instance:testngdiscussion.ActualAnnotations@2e3967ea]" started-at="2022-08-01T09:55:15 IST" name="navBackToSearchPage" finished-at="2022-08-01T09:55:15 IST" duration-ms="1" status="PASS">
          <reporter-output>
          </reporter-output>
        </test-method> <!-- navBackToSearchPage -->
        <test-method is-config="true" signature="navBackToElectronics()[pri:0, instance:testngdiscussion.ActualAnnotations@2e3967ea]" started-at="2022-08-01T09:55:15 IST" name="navBackToElectronics" finished-at="2022-08-01T09:55:15 IST" duration-ms="1" status="PASS">
          <reporter-output>
          </reporter-output>
        </test-method> <!-- navBackToElectronics -->
        <test-method is-config="true" signature="navToHomePage()[pri:0, instance:testngdiscussion.ActualAnnotations@2e3967ea]" started-at="2022-08-01T09:55:15 IST" name="navToHomePage" finished-at="2022-08-01T09:55:15 IST" duration-ms="2" status="PASS">
          <reporter-output>
          </reporter-output>
        </test-method> <!-- navToHomePage -->
        <test-method is-config="true" signature="closeBrowser()[pri:0, instance:testngdiscussion.ActualAnnotations@2e3967ea]" started-at="2022-08-01T09:55:15 IST" name="closeBrowser" finished-at="2022-08-01T09:55:15 IST" duration-ms="1" status="PASS">
          <reporter-output>
          </reporter-output>
        </test-method> <!-- closeBrowser -->
      </class> <!-- testngdiscussion.ActualAnnotations -->
    </test> <!-- Default test -->
  </suite> <!-- Default suite -->
</testng-results>
